[2025-12-10T19:24:53.176+0000] {processor.py:157} INFO - Started process (PID=1438) to work on /opt/airflow/dags/biblioteca_pratica.py
[2025-12-10T19:24:53.188+0000] {processor.py:829} INFO - Processing file /opt/airflow/dags/biblioteca_pratica.py for tasks to queue
[2025-12-10T19:24:53.219+0000] {logging_mixin.py:151} INFO - [2025-12-10T19:24:53.213+0000] {dagbag.py:539} INFO - Filling up the DagBag from /opt/airflow/dags/biblioteca_pratica.py
[2025-12-10T19:24:53.587+0000] {processor.py:839} INFO - DAG(s) dict_keys(['Sistema_Biblioteca']) retrieved from /opt/airflow/dags/biblioteca_pratica.py
[2025-12-10T19:24:55.069+0000] {logging_mixin.py:151} INFO - [2025-12-10T19:24:55.069+0000] {manager.py:499} INFO - Created Permission View: %s
[2025-12-10T19:24:55.093+0000] {logging_mixin.py:151} INFO - [2025-12-10T19:24:55.093+0000] {manager.py:499} INFO - Created Permission View: %s
[2025-12-10T19:24:55.107+0000] {logging_mixin.py:151} INFO - [2025-12-10T19:24:55.107+0000] {manager.py:499} INFO - Created Permission View: %s
[2025-12-10T19:24:55.108+0000] {logging_mixin.py:151} INFO - [2025-12-10T19:24:55.108+0000] {security.py:708} INFO - Not syncing DAG-level permissions for DAG 'DAG:Sistema_Biblioteca' as access control is unset.
[2025-12-10T19:24:55.109+0000] {logging_mixin.py:151} INFO - [2025-12-10T19:24:55.108+0000] {dag.py:2915} INFO - Sync 1 DAGs
[2025-12-10T19:24:55.151+0000] {logging_mixin.py:151} INFO - [2025-12-10T19:24:55.151+0000] {dag.py:2937} INFO - Creating ORM DAG for Sistema_Biblioteca
[2025-12-10T19:24:55.188+0000] {logging_mixin.py:151} INFO - [2025-12-10T19:24:55.188+0000] {dag.py:3696} INFO - Setting next_dagrun for Sistema_Biblioteca to 2025-12-10T09:00:00+00:00, run_after=2025-12-11T09:00:00+00:00
[2025-12-10T19:24:55.233+0000] {processor.py:179} INFO - Processing /opt/airflow/dags/biblioteca_pratica.py took 2.102 seconds
[2025-12-10T19:25:25.734+0000] {processor.py:157} INFO - Started process (PID=1463) to work on /opt/airflow/dags/biblioteca_pratica.py
[2025-12-10T19:25:25.751+0000] {processor.py:829} INFO - Processing file /opt/airflow/dags/biblioteca_pratica.py for tasks to queue
[2025-12-10T19:25:25.773+0000] {logging_mixin.py:151} INFO - [2025-12-10T19:25:25.756+0000] {dagbag.py:539} INFO - Filling up the DagBag from /opt/airflow/dags/biblioteca_pratica.py
[2025-12-10T19:25:26.060+0000] {processor.py:839} INFO - DAG(s) dict_keys(['Sistema_Biblioteca']) retrieved from /opt/airflow/dags/biblioteca_pratica.py
[2025-12-10T19:25:26.352+0000] {logging_mixin.py:151} INFO - [2025-12-10T19:25:26.352+0000] {dag.py:2915} INFO - Sync 1 DAGs
[2025-12-10T19:25:26.511+0000] {logging_mixin.py:151} INFO - [2025-12-10T19:25:26.509+0000] {dag.py:3696} INFO - Setting next_dagrun for Sistema_Biblioteca to 2025-12-10T09:00:00+00:00, run_after=2025-12-11T09:00:00+00:00
[2025-12-10T19:25:26.619+0000] {processor.py:179} INFO - Processing /opt/airflow/dags/biblioteca_pratica.py took 0.996 seconds
[2025-12-10T19:25:39.651+0000] {processor.py:157} INFO - Started process (PID=1482) to work on /opt/airflow/dags/biblioteca_pratica.py
[2025-12-10T19:25:39.653+0000] {processor.py:829} INFO - Processing file /opt/airflow/dags/biblioteca_pratica.py for tasks to queue
[2025-12-10T19:25:39.655+0000] {logging_mixin.py:151} INFO - [2025-12-10T19:25:39.654+0000] {dagbag.py:539} INFO - Filling up the DagBag from /opt/airflow/dags/biblioteca_pratica.py
[2025-12-10T19:25:39.688+0000] {processor.py:839} INFO - DAG(s) dict_keys(['Sistema_Biblioteca']) retrieved from /opt/airflow/dags/biblioteca_pratica.py
[2025-12-10T19:25:39.734+0000] {logging_mixin.py:151} INFO - [2025-12-10T19:25:39.734+0000] {dag.py:2915} INFO - Sync 1 DAGs
[2025-12-10T19:25:39.782+0000] {logging_mixin.py:151} INFO - [2025-12-10T19:25:39.781+0000] {dag.py:3696} INFO - Setting next_dagrun for Sistema_Biblioteca to 2025-12-10T09:00:00+00:00, run_after=2025-12-11T09:00:00+00:00
[2025-12-10T19:25:39.847+0000] {processor.py:179} INFO - Processing /opt/airflow/dags/biblioteca_pratica.py took 0.201 seconds
[2025-12-10T19:26:10.092+0000] {processor.py:157} INFO - Started process (PID=1494) to work on /opt/airflow/dags/biblioteca_pratica.py
[2025-12-10T19:26:10.103+0000] {processor.py:829} INFO - Processing file /opt/airflow/dags/biblioteca_pratica.py for tasks to queue
[2025-12-10T19:26:10.106+0000] {logging_mixin.py:151} INFO - [2025-12-10T19:26:10.105+0000] {dagbag.py:539} INFO - Filling up the DagBag from /opt/airflow/dags/biblioteca_pratica.py
[2025-12-10T19:26:10.149+0000] {processor.py:839} INFO - DAG(s) dict_keys(['Sistema_Biblioteca']) retrieved from /opt/airflow/dags/biblioteca_pratica.py
[2025-12-10T19:26:10.214+0000] {logging_mixin.py:151} INFO - [2025-12-10T19:26:10.214+0000] {dag.py:2915} INFO - Sync 1 DAGs
[2025-12-10T19:26:10.277+0000] {logging_mixin.py:151} INFO - [2025-12-10T19:26:10.277+0000] {dag.py:3696} INFO - Setting next_dagrun for Sistema_Biblioteca to 2025-12-10T09:00:00+00:00, run_after=2025-12-11T09:00:00+00:00
[2025-12-10T19:26:10.324+0000] {processor.py:179} INFO - Processing /opt/airflow/dags/biblioteca_pratica.py took 0.248 seconds
[2025-12-10T19:26:40.398+0000] {processor.py:157} INFO - Started process (PID=1506) to work on /opt/airflow/dags/biblioteca_pratica.py
[2025-12-10T19:26:40.400+0000] {processor.py:829} INFO - Processing file /opt/airflow/dags/biblioteca_pratica.py for tasks to queue
[2025-12-10T19:26:40.403+0000] {logging_mixin.py:151} INFO - [2025-12-10T19:26:40.402+0000] {dagbag.py:539} INFO - Filling up the DagBag from /opt/airflow/dags/biblioteca_pratica.py
[2025-12-10T19:26:40.456+0000] {processor.py:839} INFO - DAG(s) dict_keys(['Sistema_Biblioteca']) retrieved from /opt/airflow/dags/biblioteca_pratica.py
[2025-12-10T19:26:40.515+0000] {logging_mixin.py:151} INFO - [2025-12-10T19:26:40.515+0000] {dag.py:2915} INFO - Sync 1 DAGs
[2025-12-10T19:26:40.551+0000] {logging_mixin.py:151} INFO - [2025-12-10T19:26:40.551+0000] {dag.py:3696} INFO - Setting next_dagrun for Sistema_Biblioteca to 2025-12-10T09:00:00+00:00, run_after=2025-12-11T09:00:00+00:00
[2025-12-10T19:26:40.582+0000] {processor.py:179} INFO - Processing /opt/airflow/dags/biblioteca_pratica.py took 0.194 seconds
[2025-12-10T19:27:10.690+0000] {processor.py:157} INFO - Started process (PID=1518) to work on /opt/airflow/dags/biblioteca_pratica.py
[2025-12-10T19:27:10.692+0000] {processor.py:829} INFO - Processing file /opt/airflow/dags/biblioteca_pratica.py for tasks to queue
[2025-12-10T19:27:10.695+0000] {logging_mixin.py:151} INFO - [2025-12-10T19:27:10.694+0000] {dagbag.py:539} INFO - Filling up the DagBag from /opt/airflow/dags/biblioteca_pratica.py
[2025-12-10T19:27:10.732+0000] {processor.py:839} INFO - DAG(s) dict_keys(['Sistema_Biblioteca']) retrieved from /opt/airflow/dags/biblioteca_pratica.py
[2025-12-10T19:27:10.787+0000] {logging_mixin.py:151} INFO - [2025-12-10T19:27:10.786+0000] {dag.py:2915} INFO - Sync 1 DAGs
[2025-12-10T19:27:10.829+0000] {logging_mixin.py:151} INFO - [2025-12-10T19:27:10.829+0000] {dag.py:3696} INFO - Setting next_dagrun for Sistema_Biblioteca to 2025-12-10T09:00:00+00:00, run_after=2025-12-11T09:00:00+00:00
[2025-12-10T19:27:10.863+0000] {processor.py:179} INFO - Processing /opt/airflow/dags/biblioteca_pratica.py took 0.180 seconds
[2025-12-10T19:27:41.033+0000] {processor.py:157} INFO - Started process (PID=1530) to work on /opt/airflow/dags/biblioteca_pratica.py
[2025-12-10T19:27:41.035+0000] {processor.py:829} INFO - Processing file /opt/airflow/dags/biblioteca_pratica.py for tasks to queue
[2025-12-10T19:27:41.037+0000] {logging_mixin.py:151} INFO - [2025-12-10T19:27:41.036+0000] {dagbag.py:539} INFO - Filling up the DagBag from /opt/airflow/dags/biblioteca_pratica.py
[2025-12-10T19:27:41.062+0000] {processor.py:839} INFO - DAG(s) dict_keys(['Sistema_Biblioteca']) retrieved from /opt/airflow/dags/biblioteca_pratica.py
[2025-12-10T19:27:41.111+0000] {logging_mixin.py:151} INFO - [2025-12-10T19:27:41.110+0000] {dag.py:2915} INFO - Sync 1 DAGs
[2025-12-10T19:27:41.155+0000] {logging_mixin.py:151} INFO - [2025-12-10T19:27:41.154+0000] {dag.py:3696} INFO - Setting next_dagrun for Sistema_Biblioteca to 2025-12-10T09:00:00+00:00, run_after=2025-12-11T09:00:00+00:00
[2025-12-10T19:27:41.195+0000] {processor.py:179} INFO - Processing /opt/airflow/dags/biblioteca_pratica.py took 0.166 seconds
[2025-12-10T19:28:11.328+0000] {processor.py:157} INFO - Started process (PID=1542) to work on /opt/airflow/dags/biblioteca_pratica.py
[2025-12-10T19:28:11.330+0000] {processor.py:829} INFO - Processing file /opt/airflow/dags/biblioteca_pratica.py for tasks to queue
[2025-12-10T19:28:11.332+0000] {logging_mixin.py:151} INFO - [2025-12-10T19:28:11.331+0000] {dagbag.py:539} INFO - Filling up the DagBag from /opt/airflow/dags/biblioteca_pratica.py
[2025-12-10T19:28:11.369+0000] {processor.py:839} INFO - DAG(s) dict_keys(['Sistema_Biblioteca']) retrieved from /opt/airflow/dags/biblioteca_pratica.py
[2025-12-10T19:28:11.430+0000] {logging_mixin.py:151} INFO - [2025-12-10T19:28:11.430+0000] {dag.py:2915} INFO - Sync 1 DAGs
[2025-12-10T19:28:11.470+0000] {logging_mixin.py:151} INFO - [2025-12-10T19:28:11.470+0000] {dag.py:3696} INFO - Setting next_dagrun for Sistema_Biblioteca to 2025-12-10T09:00:00+00:00, run_after=2025-12-11T09:00:00+00:00
[2025-12-10T19:28:11.499+0000] {processor.py:179} INFO - Processing /opt/airflow/dags/biblioteca_pratica.py took 0.178 seconds
[2025-12-10T19:28:41.642+0000] {processor.py:157} INFO - Started process (PID=1554) to work on /opt/airflow/dags/biblioteca_pratica.py
[2025-12-10T19:28:41.644+0000] {processor.py:829} INFO - Processing file /opt/airflow/dags/biblioteca_pratica.py for tasks to queue
[2025-12-10T19:28:41.646+0000] {logging_mixin.py:151} INFO - [2025-12-10T19:28:41.646+0000] {dagbag.py:539} INFO - Filling up the DagBag from /opt/airflow/dags/biblioteca_pratica.py
[2025-12-10T19:28:41.672+0000] {processor.py:839} INFO - DAG(s) dict_keys(['Sistema_Biblioteca']) retrieved from /opt/airflow/dags/biblioteca_pratica.py
[2025-12-10T19:28:41.719+0000] {logging_mixin.py:151} INFO - [2025-12-10T19:28:41.718+0000] {dag.py:2915} INFO - Sync 1 DAGs
[2025-12-10T19:28:41.759+0000] {logging_mixin.py:151} INFO - [2025-12-10T19:28:41.759+0000] {dag.py:3696} INFO - Setting next_dagrun for Sistema_Biblioteca to 2025-12-10T09:00:00+00:00, run_after=2025-12-11T09:00:00+00:00
[2025-12-10T19:28:41.809+0000] {processor.py:179} INFO - Processing /opt/airflow/dags/biblioteca_pratica.py took 0.172 seconds
[2025-12-10T19:29:11.940+0000] {processor.py:157} INFO - Started process (PID=1566) to work on /opt/airflow/dags/biblioteca_pratica.py
[2025-12-10T19:29:11.942+0000] {processor.py:829} INFO - Processing file /opt/airflow/dags/biblioteca_pratica.py for tasks to queue
[2025-12-10T19:29:11.945+0000] {logging_mixin.py:151} INFO - [2025-12-10T19:29:11.944+0000] {dagbag.py:539} INFO - Filling up the DagBag from /opt/airflow/dags/biblioteca_pratica.py
[2025-12-10T19:29:11.987+0000] {processor.py:839} INFO - DAG(s) dict_keys(['Sistema_Biblioteca']) retrieved from /opt/airflow/dags/biblioteca_pratica.py
[2025-12-10T19:29:12.048+0000] {logging_mixin.py:151} INFO - [2025-12-10T19:29:12.048+0000] {dag.py:2915} INFO - Sync 1 DAGs
[2025-12-10T19:29:12.083+0000] {logging_mixin.py:151} INFO - [2025-12-10T19:29:12.083+0000] {dag.py:3696} INFO - Setting next_dagrun for Sistema_Biblioteca to 2025-12-10T09:00:00+00:00, run_after=2025-12-11T09:00:00+00:00
[2025-12-10T19:29:12.116+0000] {processor.py:179} INFO - Processing /opt/airflow/dags/biblioteca_pratica.py took 0.182 seconds
[2025-12-10T19:29:42.255+0000] {processor.py:157} INFO - Started process (PID=1578) to work on /opt/airflow/dags/biblioteca_pratica.py
[2025-12-10T19:29:42.257+0000] {processor.py:829} INFO - Processing file /opt/airflow/dags/biblioteca_pratica.py for tasks to queue
[2025-12-10T19:29:42.260+0000] {logging_mixin.py:151} INFO - [2025-12-10T19:29:42.259+0000] {dagbag.py:539} INFO - Filling up the DagBag from /opt/airflow/dags/biblioteca_pratica.py
[2025-12-10T19:29:42.298+0000] {processor.py:839} INFO - DAG(s) dict_keys(['Sistema_Biblioteca']) retrieved from /opt/airflow/dags/biblioteca_pratica.py
[2025-12-10T19:29:42.348+0000] {logging_mixin.py:151} INFO - [2025-12-10T19:29:42.348+0000] {dag.py:2915} INFO - Sync 1 DAGs
[2025-12-10T19:29:42.385+0000] {logging_mixin.py:151} INFO - [2025-12-10T19:29:42.384+0000] {dag.py:3696} INFO - Setting next_dagrun for Sistema_Biblioteca to 2025-12-10T09:00:00+00:00, run_after=2025-12-11T09:00:00+00:00
[2025-12-10T19:29:42.415+0000] {processor.py:179} INFO - Processing /opt/airflow/dags/biblioteca_pratica.py took 0.165 seconds
[2025-12-10T19:30:12.536+0000] {processor.py:157} INFO - Started process (PID=1590) to work on /opt/airflow/dags/biblioteca_pratica.py
[2025-12-10T19:30:12.537+0000] {processor.py:829} INFO - Processing file /opt/airflow/dags/biblioteca_pratica.py for tasks to queue
[2025-12-10T19:30:12.538+0000] {logging_mixin.py:151} INFO - [2025-12-10T19:30:12.538+0000] {dagbag.py:539} INFO - Filling up the DagBag from /opt/airflow/dags/biblioteca_pratica.py
[2025-12-10T19:30:12.558+0000] {processor.py:839} INFO - DAG(s) dict_keys(['Sistema_Biblioteca']) retrieved from /opt/airflow/dags/biblioteca_pratica.py
[2025-12-10T19:30:12.601+0000] {logging_mixin.py:151} INFO - [2025-12-10T19:30:12.601+0000] {dag.py:2915} INFO - Sync 1 DAGs
[2025-12-10T19:30:12.631+0000] {logging_mixin.py:151} INFO - [2025-12-10T19:30:12.631+0000] {dag.py:3696} INFO - Setting next_dagrun for Sistema_Biblioteca to 2025-12-10T09:00:00+00:00, run_after=2025-12-11T09:00:00+00:00
[2025-12-10T19:30:12.658+0000] {processor.py:179} INFO - Processing /opt/airflow/dags/biblioteca_pratica.py took 0.126 seconds
[2025-12-10T19:30:42.783+0000] {processor.py:157} INFO - Started process (PID=1602) to work on /opt/airflow/dags/biblioteca_pratica.py
[2025-12-10T19:30:42.784+0000] {processor.py:829} INFO - Processing file /opt/airflow/dags/biblioteca_pratica.py for tasks to queue
[2025-12-10T19:30:42.787+0000] {logging_mixin.py:151} INFO - [2025-12-10T19:30:42.786+0000] {dagbag.py:539} INFO - Filling up the DagBag from /opt/airflow/dags/biblioteca_pratica.py
[2025-12-10T19:30:42.816+0000] {processor.py:839} INFO - DAG(s) dict_keys(['Sistema_Biblioteca']) retrieved from /opt/airflow/dags/biblioteca_pratica.py
[2025-12-10T19:30:42.854+0000] {logging_mixin.py:151} INFO - [2025-12-10T19:30:42.854+0000] {dag.py:2915} INFO - Sync 1 DAGs
[2025-12-10T19:30:42.885+0000] {logging_mixin.py:151} INFO - [2025-12-10T19:30:42.884+0000] {dag.py:3696} INFO - Setting next_dagrun for Sistema_Biblioteca to 2025-12-10T09:00:00+00:00, run_after=2025-12-11T09:00:00+00:00
[2025-12-10T19:30:42.907+0000] {processor.py:179} INFO - Processing /opt/airflow/dags/biblioteca_pratica.py took 0.129 seconds
[2025-12-10T19:31:12.961+0000] {processor.py:157} INFO - Started process (PID=1614) to work on /opt/airflow/dags/biblioteca_pratica.py
[2025-12-10T19:31:12.963+0000] {processor.py:829} INFO - Processing file /opt/airflow/dags/biblioteca_pratica.py for tasks to queue
[2025-12-10T19:31:12.965+0000] {logging_mixin.py:151} INFO - [2025-12-10T19:31:12.964+0000] {dagbag.py:539} INFO - Filling up the DagBag from /opt/airflow/dags/biblioteca_pratica.py
[2025-12-10T19:31:12.987+0000] {processor.py:839} INFO - DAG(s) dict_keys(['Sistema_Biblioteca']) retrieved from /opt/airflow/dags/biblioteca_pratica.py
[2025-12-10T19:31:13.027+0000] {logging_mixin.py:151} INFO - [2025-12-10T19:31:13.026+0000] {dag.py:2915} INFO - Sync 1 DAGs
[2025-12-10T19:31:13.069+0000] {logging_mixin.py:151} INFO - [2025-12-10T19:31:13.068+0000] {dag.py:3696} INFO - Setting next_dagrun for Sistema_Biblioteca to 2025-12-10T09:00:00+00:00, run_after=2025-12-11T09:00:00+00:00
[2025-12-10T19:31:13.095+0000] {processor.py:179} INFO - Processing /opt/airflow/dags/biblioteca_pratica.py took 0.138 seconds
[2025-12-10T19:31:43.231+0000] {processor.py:157} INFO - Started process (PID=1626) to work on /opt/airflow/dags/biblioteca_pratica.py
[2025-12-10T19:31:43.232+0000] {processor.py:829} INFO - Processing file /opt/airflow/dags/biblioteca_pratica.py for tasks to queue
[2025-12-10T19:31:43.233+0000] {logging_mixin.py:151} INFO - [2025-12-10T19:31:43.233+0000] {dagbag.py:539} INFO - Filling up the DagBag from /opt/airflow/dags/biblioteca_pratica.py
[2025-12-10T19:31:43.250+0000] {processor.py:839} INFO - DAG(s) dict_keys(['Sistema_Biblioteca']) retrieved from /opt/airflow/dags/biblioteca_pratica.py
[2025-12-10T19:31:43.284+0000] {logging_mixin.py:151} INFO - [2025-12-10T19:31:43.284+0000] {dag.py:2915} INFO - Sync 1 DAGs
[2025-12-10T19:31:43.312+0000] {logging_mixin.py:151} INFO - [2025-12-10T19:31:43.312+0000] {dag.py:3696} INFO - Setting next_dagrun for Sistema_Biblioteca to 2025-12-10T09:00:00+00:00, run_after=2025-12-11T09:00:00+00:00
[2025-12-10T19:31:43.334+0000] {processor.py:179} INFO - Processing /opt/airflow/dags/biblioteca_pratica.py took 0.106 seconds
[2025-12-10T19:32:13.393+0000] {processor.py:157} INFO - Started process (PID=1638) to work on /opt/airflow/dags/biblioteca_pratica.py
[2025-12-10T19:32:13.394+0000] {processor.py:829} INFO - Processing file /opt/airflow/dags/biblioteca_pratica.py for tasks to queue
[2025-12-10T19:32:13.395+0000] {logging_mixin.py:151} INFO - [2025-12-10T19:32:13.395+0000] {dagbag.py:539} INFO - Filling up the DagBag from /opt/airflow/dags/biblioteca_pratica.py
[2025-12-10T19:32:13.413+0000] {processor.py:839} INFO - DAG(s) dict_keys(['Sistema_Biblioteca']) retrieved from /opt/airflow/dags/biblioteca_pratica.py
[2025-12-10T19:32:13.445+0000] {logging_mixin.py:151} INFO - [2025-12-10T19:32:13.445+0000] {dag.py:2915} INFO - Sync 1 DAGs
[2025-12-10T19:32:13.470+0000] {logging_mixin.py:151} INFO - [2025-12-10T19:32:13.470+0000] {dag.py:3696} INFO - Setting next_dagrun for Sistema_Biblioteca to 2025-12-10T09:00:00+00:00, run_after=2025-12-11T09:00:00+00:00
[2025-12-10T19:32:13.491+0000] {processor.py:179} INFO - Processing /opt/airflow/dags/biblioteca_pratica.py took 0.103 seconds
[2025-12-10T19:32:43.650+0000] {processor.py:157} INFO - Started process (PID=1650) to work on /opt/airflow/dags/biblioteca_pratica.py
[2025-12-10T19:32:43.652+0000] {processor.py:829} INFO - Processing file /opt/airflow/dags/biblioteca_pratica.py for tasks to queue
[2025-12-10T19:32:43.654+0000] {logging_mixin.py:151} INFO - [2025-12-10T19:32:43.654+0000] {dagbag.py:539} INFO - Filling up the DagBag from /opt/airflow/dags/biblioteca_pratica.py
[2025-12-10T19:32:43.676+0000] {processor.py:839} INFO - DAG(s) dict_keys(['Sistema_Biblioteca']) retrieved from /opt/airflow/dags/biblioteca_pratica.py
[2025-12-10T19:32:43.713+0000] {logging_mixin.py:151} INFO - [2025-12-10T19:32:43.713+0000] {dag.py:2915} INFO - Sync 1 DAGs
[2025-12-10T19:32:43.744+0000] {logging_mixin.py:151} INFO - [2025-12-10T19:32:43.744+0000] {dag.py:3696} INFO - Setting next_dagrun for Sistema_Biblioteca to 2025-12-10T09:00:00+00:00, run_after=2025-12-11T09:00:00+00:00
[2025-12-10T19:32:43.768+0000] {processor.py:179} INFO - Processing /opt/airflow/dags/biblioteca_pratica.py took 0.123 seconds
[2025-12-10T19:33:13.821+0000] {processor.py:157} INFO - Started process (PID=1662) to work on /opt/airflow/dags/biblioteca_pratica.py
[2025-12-10T19:33:13.823+0000] {processor.py:829} INFO - Processing file /opt/airflow/dags/biblioteca_pratica.py for tasks to queue
[2025-12-10T19:33:13.824+0000] {logging_mixin.py:151} INFO - [2025-12-10T19:33:13.824+0000] {dagbag.py:539} INFO - Filling up the DagBag from /opt/airflow/dags/biblioteca_pratica.py
[2025-12-10T19:33:13.843+0000] {processor.py:839} INFO - DAG(s) dict_keys(['Sistema_Biblioteca']) retrieved from /opt/airflow/dags/biblioteca_pratica.py
[2025-12-10T19:33:13.896+0000] {logging_mixin.py:151} INFO - [2025-12-10T19:33:13.896+0000] {dag.py:2915} INFO - Sync 1 DAGs
[2025-12-10T19:33:13.948+0000] {logging_mixin.py:151} INFO - [2025-12-10T19:33:13.947+0000] {dag.py:3696} INFO - Setting next_dagrun for Sistema_Biblioteca to 2025-12-10T09:00:00+00:00, run_after=2025-12-11T09:00:00+00:00
[2025-12-10T19:33:13.982+0000] {processor.py:179} INFO - Processing /opt/airflow/dags/biblioteca_pratica.py took 0.166 seconds
[2025-12-10T19:33:44.076+0000] {processor.py:157} INFO - Started process (PID=1674) to work on /opt/airflow/dags/biblioteca_pratica.py
[2025-12-10T19:33:44.078+0000] {processor.py:829} INFO - Processing file /opt/airflow/dags/biblioteca_pratica.py for tasks to queue
[2025-12-10T19:33:44.079+0000] {logging_mixin.py:151} INFO - [2025-12-10T19:33:44.079+0000] {dagbag.py:539} INFO - Filling up the DagBag from /opt/airflow/dags/biblioteca_pratica.py
[2025-12-10T19:33:44.096+0000] {processor.py:839} INFO - DAG(s) dict_keys(['Sistema_Biblioteca']) retrieved from /opt/airflow/dags/biblioteca_pratica.py
[2025-12-10T19:33:44.133+0000] {logging_mixin.py:151} INFO - [2025-12-10T19:33:44.133+0000] {dag.py:2915} INFO - Sync 1 DAGs
[2025-12-10T19:33:44.159+0000] {logging_mixin.py:151} INFO - [2025-12-10T19:33:44.159+0000] {dag.py:3696} INFO - Setting next_dagrun for Sistema_Biblioteca to 2025-12-10T09:00:00+00:00, run_after=2025-12-11T09:00:00+00:00
[2025-12-10T19:33:44.179+0000] {processor.py:179} INFO - Processing /opt/airflow/dags/biblioteca_pratica.py took 0.109 seconds
[2025-12-10T19:34:14.289+0000] {processor.py:157} INFO - Started process (PID=1686) to work on /opt/airflow/dags/biblioteca_pratica.py
[2025-12-10T19:34:14.290+0000] {processor.py:829} INFO - Processing file /opt/airflow/dags/biblioteca_pratica.py for tasks to queue
[2025-12-10T19:34:14.291+0000] {logging_mixin.py:151} INFO - [2025-12-10T19:34:14.291+0000] {dagbag.py:539} INFO - Filling up the DagBag from /opt/airflow/dags/biblioteca_pratica.py
[2025-12-10T19:34:14.312+0000] {processor.py:839} INFO - DAG(s) dict_keys(['Sistema_Biblioteca']) retrieved from /opt/airflow/dags/biblioteca_pratica.py
[2025-12-10T19:34:14.345+0000] {logging_mixin.py:151} INFO - [2025-12-10T19:34:14.345+0000] {dag.py:2915} INFO - Sync 1 DAGs
[2025-12-10T19:34:14.371+0000] {logging_mixin.py:151} INFO - [2025-12-10T19:34:14.371+0000] {dag.py:3696} INFO - Setting next_dagrun for Sistema_Biblioteca to 2025-12-10T09:00:00+00:00, run_after=2025-12-11T09:00:00+00:00
[2025-12-10T19:34:14.393+0000] {processor.py:179} INFO - Processing /opt/airflow/dags/biblioteca_pratica.py took 0.108 seconds
[2025-12-10T19:34:44.480+0000] {processor.py:157} INFO - Started process (PID=1698) to work on /opt/airflow/dags/biblioteca_pratica.py
[2025-12-10T19:34:44.482+0000] {processor.py:829} INFO - Processing file /opt/airflow/dags/biblioteca_pratica.py for tasks to queue
[2025-12-10T19:34:44.484+0000] {logging_mixin.py:151} INFO - [2025-12-10T19:34:44.483+0000] {dagbag.py:539} INFO - Filling up the DagBag from /opt/airflow/dags/biblioteca_pratica.py
[2025-12-10T19:34:44.504+0000] {processor.py:839} INFO - DAG(s) dict_keys(['Sistema_Biblioteca']) retrieved from /opt/airflow/dags/biblioteca_pratica.py
[2025-12-10T19:34:44.562+0000] {logging_mixin.py:151} INFO - [2025-12-10T19:34:44.562+0000] {dag.py:2915} INFO - Sync 1 DAGs
[2025-12-10T19:34:44.608+0000] {logging_mixin.py:151} INFO - [2025-12-10T19:34:44.608+0000] {dag.py:3696} INFO - Setting next_dagrun for Sistema_Biblioteca to 2025-12-10T09:00:00+00:00, run_after=2025-12-11T09:00:00+00:00
[2025-12-10T19:34:44.642+0000] {processor.py:179} INFO - Processing /opt/airflow/dags/biblioteca_pratica.py took 0.166 seconds
[2025-12-10T19:35:09.689+0000] {processor.py:157} INFO - Started process (PID=1709) to work on /opt/airflow/dags/biblioteca_pratica.py
[2025-12-10T19:35:09.691+0000] {processor.py:829} INFO - Processing file /opt/airflow/dags/biblioteca_pratica.py for tasks to queue
[2025-12-10T19:35:09.693+0000] {logging_mixin.py:151} INFO - [2025-12-10T19:35:09.692+0000] {dagbag.py:539} INFO - Filling up the DagBag from /opt/airflow/dags/biblioteca_pratica.py
[2025-12-10T19:35:09.712+0000] {processor.py:839} INFO - DAG(s) dict_keys(['Sistema_Biblioteca']) retrieved from /opt/airflow/dags/biblioteca_pratica.py
[2025-12-10T19:35:09.746+0000] {logging_mixin.py:151} INFO - [2025-12-10T19:35:09.746+0000] {dag.py:2915} INFO - Sync 1 DAGs
[2025-12-10T19:35:09.771+0000] {logging_mixin.py:151} INFO - [2025-12-10T19:35:09.771+0000] {dag.py:3696} INFO - Setting next_dagrun for Sistema_Biblioteca to 2025-12-10T09:00:00+00:00, run_after=2025-12-11T09:00:00+00:00
[2025-12-10T19:35:09.799+0000] {processor.py:179} INFO - Processing /opt/airflow/dags/biblioteca_pratica.py took 0.115 seconds
[2025-12-10T19:35:39.937+0000] {processor.py:157} INFO - Started process (PID=1722) to work on /opt/airflow/dags/biblioteca_pratica.py
[2025-12-10T19:35:39.938+0000] {processor.py:829} INFO - Processing file /opt/airflow/dags/biblioteca_pratica.py for tasks to queue
[2025-12-10T19:35:39.940+0000] {logging_mixin.py:151} INFO - [2025-12-10T19:35:39.939+0000] {dagbag.py:539} INFO - Filling up the DagBag from /opt/airflow/dags/biblioteca_pratica.py
[2025-12-10T19:35:39.956+0000] {processor.py:839} INFO - DAG(s) dict_keys(['Sistema_Biblioteca']) retrieved from /opt/airflow/dags/biblioteca_pratica.py
[2025-12-10T19:35:40.003+0000] {logging_mixin.py:151} INFO - [2025-12-10T19:35:40.003+0000] {dag.py:2915} INFO - Sync 1 DAGs
[2025-12-10T19:35:40.034+0000] {logging_mixin.py:151} INFO - [2025-12-10T19:35:40.034+0000] {dag.py:3696} INFO - Setting next_dagrun for Sistema_Biblioteca to 2025-12-10T09:00:00+00:00, run_after=2025-12-11T09:00:00+00:00
[2025-12-10T19:35:40.059+0000] {processor.py:179} INFO - Processing /opt/airflow/dags/biblioteca_pratica.py took 0.126 seconds
[2025-12-10T19:36:10.103+0000] {processor.py:157} INFO - Started process (PID=1734) to work on /opt/airflow/dags/biblioteca_pratica.py
[2025-12-10T19:36:10.105+0000] {processor.py:829} INFO - Processing file /opt/airflow/dags/biblioteca_pratica.py for tasks to queue
[2025-12-10T19:36:10.107+0000] {logging_mixin.py:151} INFO - [2025-12-10T19:36:10.106+0000] {dagbag.py:539} INFO - Filling up the DagBag from /opt/airflow/dags/biblioteca_pratica.py
[2025-12-10T19:36:10.129+0000] {processor.py:839} INFO - DAG(s) dict_keys(['Sistema_Biblioteca']) retrieved from /opt/airflow/dags/biblioteca_pratica.py
[2025-12-10T19:36:10.167+0000] {logging_mixin.py:151} INFO - [2025-12-10T19:36:10.167+0000] {dag.py:2915} INFO - Sync 1 DAGs
[2025-12-10T19:36:10.207+0000] {logging_mixin.py:151} INFO - [2025-12-10T19:36:10.207+0000] {dag.py:3696} INFO - Setting next_dagrun for Sistema_Biblioteca to 2025-12-10T09:00:00+00:00, run_after=2025-12-11T09:00:00+00:00
[2025-12-10T19:36:10.241+0000] {processor.py:179} INFO - Processing /opt/airflow/dags/biblioteca_pratica.py took 0.142 seconds
[2025-12-10T19:36:40.376+0000] {processor.py:157} INFO - Started process (PID=1746) to work on /opt/airflow/dags/biblioteca_pratica.py
[2025-12-10T19:36:40.377+0000] {processor.py:829} INFO - Processing file /opt/airflow/dags/biblioteca_pratica.py for tasks to queue
[2025-12-10T19:36:40.378+0000] {logging_mixin.py:151} INFO - [2025-12-10T19:36:40.378+0000] {dagbag.py:539} INFO - Filling up the DagBag from /opt/airflow/dags/biblioteca_pratica.py
[2025-12-10T19:36:40.402+0000] {processor.py:839} INFO - DAG(s) dict_keys(['Sistema_Biblioteca']) retrieved from /opt/airflow/dags/biblioteca_pratica.py
[2025-12-10T19:36:40.457+0000] {logging_mixin.py:151} INFO - [2025-12-10T19:36:40.457+0000] {dag.py:2915} INFO - Sync 1 DAGs
[2025-12-10T19:36:40.498+0000] {logging_mixin.py:151} INFO - [2025-12-10T19:36:40.498+0000] {dag.py:3696} INFO - Setting next_dagrun for Sistema_Biblioteca to 2025-12-10T09:00:00+00:00, run_after=2025-12-11T09:00:00+00:00
[2025-12-10T19:36:40.533+0000] {processor.py:179} INFO - Processing /opt/airflow/dags/biblioteca_pratica.py took 0.161 seconds
[2025-12-10T19:37:10.683+0000] {processor.py:157} INFO - Started process (PID=1758) to work on /opt/airflow/dags/biblioteca_pratica.py
[2025-12-10T19:37:10.684+0000] {processor.py:829} INFO - Processing file /opt/airflow/dags/biblioteca_pratica.py for tasks to queue
[2025-12-10T19:37:10.686+0000] {logging_mixin.py:151} INFO - [2025-12-10T19:37:10.686+0000] {dagbag.py:539} INFO - Filling up the DagBag from /opt/airflow/dags/biblioteca_pratica.py
[2025-12-10T19:37:10.704+0000] {processor.py:839} INFO - DAG(s) dict_keys(['Sistema_Biblioteca']) retrieved from /opt/airflow/dags/biblioteca_pratica.py
[2025-12-10T19:37:10.753+0000] {logging_mixin.py:151} INFO - [2025-12-10T19:37:10.753+0000] {dag.py:2915} INFO - Sync 1 DAGs
[2025-12-10T19:37:10.801+0000] {logging_mixin.py:151} INFO - [2025-12-10T19:37:10.800+0000] {dag.py:3696} INFO - Setting next_dagrun for Sistema_Biblioteca to 2025-12-10T09:00:00+00:00, run_after=2025-12-11T09:00:00+00:00
[2025-12-10T19:37:10.832+0000] {processor.py:179} INFO - Processing /opt/airflow/dags/biblioteca_pratica.py took 0.152 seconds
[2025-12-10T19:37:40.984+0000] {processor.py:157} INFO - Started process (PID=1770) to work on /opt/airflow/dags/biblioteca_pratica.py
[2025-12-10T19:37:40.985+0000] {processor.py:829} INFO - Processing file /opt/airflow/dags/biblioteca_pratica.py for tasks to queue
[2025-12-10T19:37:40.986+0000] {logging_mixin.py:151} INFO - [2025-12-10T19:37:40.986+0000] {dagbag.py:539} INFO - Filling up the DagBag from /opt/airflow/dags/biblioteca_pratica.py
[2025-12-10T19:37:41.003+0000] {processor.py:839} INFO - DAG(s) dict_keys(['Sistema_Biblioteca']) retrieved from /opt/airflow/dags/biblioteca_pratica.py
[2025-12-10T19:37:41.038+0000] {logging_mixin.py:151} INFO - [2025-12-10T19:37:41.038+0000] {dag.py:2915} INFO - Sync 1 DAGs
[2025-12-10T19:37:41.064+0000] {logging_mixin.py:151} INFO - [2025-12-10T19:37:41.064+0000] {dag.py:3696} INFO - Setting next_dagrun for Sistema_Biblioteca to 2025-12-10T09:00:00+00:00, run_after=2025-12-11T09:00:00+00:00
[2025-12-10T19:37:41.092+0000] {processor.py:179} INFO - Processing /opt/airflow/dags/biblioteca_pratica.py took 0.111 seconds
[2025-12-10T19:38:11.152+0000] {processor.py:157} INFO - Started process (PID=1782) to work on /opt/airflow/dags/biblioteca_pratica.py
[2025-12-10T19:38:11.153+0000] {processor.py:829} INFO - Processing file /opt/airflow/dags/biblioteca_pratica.py for tasks to queue
[2025-12-10T19:38:11.156+0000] {logging_mixin.py:151} INFO - [2025-12-10T19:38:11.155+0000] {dagbag.py:539} INFO - Filling up the DagBag from /opt/airflow/dags/biblioteca_pratica.py
[2025-12-10T19:38:11.181+0000] {processor.py:839} INFO - DAG(s) dict_keys(['Sistema_Biblioteca']) retrieved from /opt/airflow/dags/biblioteca_pratica.py
[2025-12-10T19:38:11.213+0000] {logging_mixin.py:151} INFO - [2025-12-10T19:38:11.213+0000] {dag.py:2915} INFO - Sync 1 DAGs
[2025-12-10T19:38:11.239+0000] {logging_mixin.py:151} INFO - [2025-12-10T19:38:11.238+0000] {dag.py:3696} INFO - Setting next_dagrun for Sistema_Biblioteca to 2025-12-10T09:00:00+00:00, run_after=2025-12-11T09:00:00+00:00
[2025-12-10T19:38:11.259+0000] {processor.py:179} INFO - Processing /opt/airflow/dags/biblioteca_pratica.py took 0.111 seconds
[2025-12-10T19:38:41.412+0000] {processor.py:157} INFO - Started process (PID=1794) to work on /opt/airflow/dags/biblioteca_pratica.py
[2025-12-10T19:38:41.413+0000] {processor.py:829} INFO - Processing file /opt/airflow/dags/biblioteca_pratica.py for tasks to queue
[2025-12-10T19:38:41.414+0000] {logging_mixin.py:151} INFO - [2025-12-10T19:38:41.414+0000] {dagbag.py:539} INFO - Filling up the DagBag from /opt/airflow/dags/biblioteca_pratica.py
[2025-12-10T19:38:41.431+0000] {processor.py:839} INFO - DAG(s) dict_keys(['Sistema_Biblioteca']) retrieved from /opt/airflow/dags/biblioteca_pratica.py
[2025-12-10T19:38:41.465+0000] {logging_mixin.py:151} INFO - [2025-12-10T19:38:41.465+0000] {dag.py:2915} INFO - Sync 1 DAGs
[2025-12-10T19:38:41.491+0000] {logging_mixin.py:151} INFO - [2025-12-10T19:38:41.491+0000] {dag.py:3696} INFO - Setting next_dagrun for Sistema_Biblioteca to 2025-12-10T09:00:00+00:00, run_after=2025-12-11T09:00:00+00:00
[2025-12-10T19:38:41.522+0000] {processor.py:179} INFO - Processing /opt/airflow/dags/biblioteca_pratica.py took 0.114 seconds
[2025-12-10T19:39:11.585+0000] {processor.py:157} INFO - Started process (PID=1806) to work on /opt/airflow/dags/biblioteca_pratica.py
[2025-12-10T19:39:11.586+0000] {processor.py:829} INFO - Processing file /opt/airflow/dags/biblioteca_pratica.py for tasks to queue
[2025-12-10T19:39:11.588+0000] {logging_mixin.py:151} INFO - [2025-12-10T19:39:11.587+0000] {dagbag.py:539} INFO - Filling up the DagBag from /opt/airflow/dags/biblioteca_pratica.py
[2025-12-10T19:39:11.604+0000] {processor.py:839} INFO - DAG(s) dict_keys(['Sistema_Biblioteca']) retrieved from /opt/airflow/dags/biblioteca_pratica.py
[2025-12-10T19:39:11.637+0000] {logging_mixin.py:151} INFO - [2025-12-10T19:39:11.637+0000] {dag.py:2915} INFO - Sync 1 DAGs
[2025-12-10T19:39:11.666+0000] {logging_mixin.py:151} INFO - [2025-12-10T19:39:11.665+0000] {dag.py:3696} INFO - Setting next_dagrun for Sistema_Biblioteca to 2025-12-10T09:00:00+00:00, run_after=2025-12-11T09:00:00+00:00
[2025-12-10T19:39:11.689+0000] {processor.py:179} INFO - Processing /opt/airflow/dags/biblioteca_pratica.py took 0.108 seconds
[2025-12-10T19:39:41.841+0000] {processor.py:157} INFO - Started process (PID=1818) to work on /opt/airflow/dags/biblioteca_pratica.py
[2025-12-10T19:39:41.842+0000] {processor.py:829} INFO - Processing file /opt/airflow/dags/biblioteca_pratica.py for tasks to queue
[2025-12-10T19:39:41.843+0000] {logging_mixin.py:151} INFO - [2025-12-10T19:39:41.843+0000] {dagbag.py:539} INFO - Filling up the DagBag from /opt/airflow/dags/biblioteca_pratica.py
[2025-12-10T19:39:41.863+0000] {processor.py:839} INFO - DAG(s) dict_keys(['Sistema_Biblioteca']) retrieved from /opt/airflow/dags/biblioteca_pratica.py
[2025-12-10T19:39:41.914+0000] {logging_mixin.py:151} INFO - [2025-12-10T19:39:41.913+0000] {dag.py:2915} INFO - Sync 1 DAGs
[2025-12-10T19:39:41.946+0000] {logging_mixin.py:151} INFO - [2025-12-10T19:39:41.946+0000] {dag.py:3696} INFO - Setting next_dagrun for Sistema_Biblioteca to 2025-12-10T09:00:00+00:00, run_after=2025-12-11T09:00:00+00:00
[2025-12-10T19:39:41.970+0000] {processor.py:179} INFO - Processing /opt/airflow/dags/biblioteca_pratica.py took 0.133 seconds
[2025-12-10T19:40:12.019+0000] {processor.py:157} INFO - Started process (PID=1830) to work on /opt/airflow/dags/biblioteca_pratica.py
[2025-12-10T19:40:12.021+0000] {processor.py:829} INFO - Processing file /opt/airflow/dags/biblioteca_pratica.py for tasks to queue
[2025-12-10T19:40:12.022+0000] {logging_mixin.py:151} INFO - [2025-12-10T19:40:12.022+0000] {dagbag.py:539} INFO - Filling up the DagBag from /opt/airflow/dags/biblioteca_pratica.py
[2025-12-10T19:40:12.041+0000] {processor.py:839} INFO - DAG(s) dict_keys(['Sistema_Biblioteca']) retrieved from /opt/airflow/dags/biblioteca_pratica.py
[2025-12-10T19:40:12.077+0000] {logging_mixin.py:151} INFO - [2025-12-10T19:40:12.077+0000] {dag.py:2915} INFO - Sync 1 DAGs
[2025-12-10T19:40:12.106+0000] {logging_mixin.py:151} INFO - [2025-12-10T19:40:12.106+0000] {dag.py:3696} INFO - Setting next_dagrun for Sistema_Biblioteca to 2025-12-10T09:00:00+00:00, run_after=2025-12-11T09:00:00+00:00
[2025-12-10T19:40:12.134+0000] {processor.py:179} INFO - Processing /opt/airflow/dags/biblioteca_pratica.py took 0.118 seconds
[2025-12-10T19:40:31.223+0000] {processor.py:157} INFO - Started process (PID=1835) to work on /opt/airflow/dags/biblioteca_pratica.py
[2025-12-10T19:40:31.224+0000] {processor.py:829} INFO - Processing file /opt/airflow/dags/biblioteca_pratica.py for tasks to queue
[2025-12-10T19:40:31.225+0000] {logging_mixin.py:151} INFO - [2025-12-10T19:40:31.225+0000] {dagbag.py:539} INFO - Filling up the DagBag from /opt/airflow/dags/biblioteca_pratica.py
[2025-12-10T19:40:31.244+0000] {processor.py:839} INFO - DAG(s) dict_keys(['Sistema_Biblioteca']) retrieved from /opt/airflow/dags/biblioteca_pratica.py
[2025-12-10T19:40:31.283+0000] {logging_mixin.py:151} INFO - [2025-12-10T19:40:31.283+0000] {dag.py:2915} INFO - Sync 1 DAGs
[2025-12-10T19:40:31.314+0000] {logging_mixin.py:151} INFO - [2025-12-10T19:40:31.314+0000] {dag.py:3696} INFO - Setting next_dagrun for Sistema_Biblioteca to 2025-12-10T09:00:00+00:00, run_after=2025-12-11T09:00:00+00:00
[2025-12-10T19:40:31.340+0000] {processor.py:179} INFO - Processing /opt/airflow/dags/biblioteca_pratica.py took 0.120 seconds
