[2025-12-10T14:42:53.613+0000] {manager.py:487} INFO - Processing files using up to 2 processes at a time 
[2025-12-10T14:42:53.615+0000] {manager.py:488} INFO - Process each file at most once every 30 seconds
[2025-12-10T14:42:53.616+0000] {manager.py:489} INFO - Checking for new files in /opt/airflow/dags every 300 seconds
[2025-12-10T14:42:53.617+0000] {manager.py:759} INFO - Searching for files in /opt/airflow/dags
[2025-12-10T14:42:53.621+0000] {manager.py:762} INFO - There are 0 files in /opt/airflow/dags
[2025-12-10T14:47:54.230+0000] {manager.py:759} INFO - Searching for files in /opt/airflow/dags
[2025-12-10T14:47:54.245+0000] {manager.py:762} INFO - There are 0 files in /opt/airflow/dags
[2025-12-10T15:39:42.784+0000] {manager.py:759} INFO - Searching for files in /opt/airflow/dags
[2025-12-10T15:39:42.799+0000] {manager.py:762} INFO - There are 0 files in /opt/airflow/dags
[2025-12-10T15:44:42.845+0000] {manager.py:759} INFO - Searching for files in /opt/airflow/dags
[2025-12-10T15:44:42.849+0000] {manager.py:762} INFO - There are 0 files in /opt/airflow/dags
[2025-12-10T15:46:40.894+0000] {manager.py:469} INFO - Exiting gracefully upon receiving signal 15
[2025-12-10T15:47:51.626+0000] {manager.py:487} INFO - Processing files using up to 2 processes at a time 
[2025-12-10T15:47:51.626+0000] {manager.py:488} INFO - Process each file at most once every 30 seconds
[2025-12-10T15:47:51.626+0000] {manager.py:489} INFO - Checking for new files in /opt/airflow/dags every 300 seconds
[2025-12-10T15:47:51.627+0000] {manager.py:759} INFO - Searching for files in /opt/airflow/dags
[2025-12-10T15:47:51.629+0000] {manager.py:762} INFO - There are 0 files in /opt/airflow/dags
[2025-12-10T15:52:42.106+0000] {manager.py:487} INFO - Processing files using up to 2 processes at a time 
[2025-12-10T15:52:42.106+0000] {manager.py:488} INFO - Process each file at most once every 30 seconds
[2025-12-10T15:52:42.107+0000] {manager.py:489} INFO - Checking for new files in /opt/airflow/dags every 300 seconds
[2025-12-10T15:52:42.107+0000] {manager.py:759} INFO - Searching for files in /opt/airflow/dags
[2025-12-10T15:52:42.110+0000] {manager.py:762} INFO - There are 0 files in /opt/airflow/dags
[2025-12-10T15:57:31.959+0000] {manager.py:469} INFO - Exiting gracefully upon receiving signal 15
[2025-12-10T15:59:59.765+0000] {manager.py:487} INFO - Processing files using up to 2 processes at a time 
[2025-12-10T15:59:59.766+0000] {manager.py:488} INFO - Process each file at most once every 30 seconds
[2025-12-10T15:59:59.766+0000] {manager.py:489} INFO - Checking for new files in /opt/airflow/dags every 300 seconds
[2025-12-10T15:59:59.767+0000] {manager.py:759} INFO - Searching for files in /opt/airflow/dags
[2025-12-10T15:59:59.768+0000] {manager.py:762} INFO - There are 0 files in /opt/airflow/dags
[2025-12-10T17:54:45.592+0000] {manager.py:487} INFO - Processing files using up to 2 processes at a time 
[2025-12-10T17:54:45.593+0000] {manager.py:488} INFO - Process each file at most once every 30 seconds
[2025-12-10T17:54:45.593+0000] {manager.py:489} INFO - Checking for new files in /opt/airflow/dags every 300 seconds
[2025-12-10T17:54:45.593+0000] {manager.py:759} INFO - Searching for files in /opt/airflow/dags
[2025-12-10T17:54:45.597+0000] {manager.py:762} INFO - There are 0 files in /opt/airflow/dags
[2025-12-10T17:59:46.595+0000] {manager.py:759} INFO - Searching for files in /opt/airflow/dags
[2025-12-10T17:59:46.607+0000] {manager.py:762} INFO - There are 0 files in /opt/airflow/dags
[2025-12-10T18:04:47.233+0000] {manager.py:759} INFO - Searching for files in /opt/airflow/dags
[2025-12-10T18:04:47.235+0000] {manager.py:762} INFO - There are 0 files in /opt/airflow/dags
[2025-12-10T18:09:47.258+0000] {manager.py:759} INFO - Searching for files in /opt/airflow/dags
[2025-12-10T18:09:47.260+0000] {manager.py:762} INFO - There are 0 files in /opt/airflow/dags
[2025-12-10T18:14:48.162+0000] {manager.py:759} INFO - Searching for files in /opt/airflow/dags
[2025-12-10T18:14:48.164+0000] {manager.py:762} INFO - There are 0 files in /opt/airflow/dags
[2025-12-10T18:19:49.104+0000] {manager.py:759} INFO - Searching for files in /opt/airflow/dags
[2025-12-10T18:19:49.107+0000] {manager.py:762} INFO - There are 0 files in /opt/airflow/dags
[2025-12-10T18:24:49.161+0000] {manager.py:759} INFO - Searching for files in /opt/airflow/dags
[2025-12-10T18:24:49.165+0000] {manager.py:762} INFO - There are 0 files in /opt/airflow/dags
[2025-12-10T18:29:49.192+0000] {manager.py:759} INFO - Searching for files in /opt/airflow/dags
[2025-12-10T18:29:49.198+0000] {manager.py:762} INFO - There are 0 files in /opt/airflow/dags
[2025-12-10T18:34:50.150+0000] {manager.py:759} INFO - Searching for files in /opt/airflow/dags
[2025-12-10T18:34:50.152+0000] {manager.py:762} INFO - There are 0 files in /opt/airflow/dags
[2025-12-10T18:39:50.205+0000] {manager.py:759} INFO - Searching for files in /opt/airflow/dags
[2025-12-10T18:39:50.209+0000] {manager.py:762} INFO - There are 0 files in /opt/airflow/dags
[2025-12-10T18:44:50.300+0000] {manager.py:759} INFO - Searching for files in /opt/airflow/dags
[2025-12-10T18:44:50.312+0000] {manager.py:762} INFO - There are 0 files in /opt/airflow/dags
[2025-12-10T18:49:51.223+0000] {manager.py:759} INFO - Searching for files in /opt/airflow/dags
[2025-12-10T18:49:51.239+0000] {manager.py:762} INFO - There are 0 files in /opt/airflow/dags
[2025-12-10T18:54:51.362+0000] {manager.py:759} INFO - Searching for files in /opt/airflow/dags
[2025-12-10T18:54:51.368+0000] {manager.py:762} INFO - There are 0 files in /opt/airflow/dags
[2025-12-10T18:59:51.677+0000] {manager.py:759} INFO - Searching for files in /opt/airflow/dags
[2025-12-10T18:59:51.695+0000] {manager.py:762} INFO - There are 0 files in /opt/airflow/dags
[2025-12-10T19:04:51.766+0000] {manager.py:759} INFO - Searching for files in /opt/airflow/dags
[2025-12-10T19:04:51.780+0000] {manager.py:762} INFO - There are 0 files in /opt/airflow/dags
[2025-12-10T19:09:51.900+0000] {manager.py:759} INFO - Searching for files in /opt/airflow/dags
[2025-12-10T19:09:51.906+0000] {manager.py:762} INFO - There are 0 files in /opt/airflow/dags
[2025-12-10T19:14:52.080+0000] {manager.py:759} INFO - Searching for files in /opt/airflow/dags
[2025-12-10T19:14:52.082+0000] {manager.py:762} INFO - There are 0 files in /opt/airflow/dags
[2025-12-10T19:19:52.323+0000] {manager.py:759} INFO - Searching for files in /opt/airflow/dags
[2025-12-10T19:19:52.341+0000] {manager.py:762} INFO - There are 0 files in /opt/airflow/dags
[2025-12-10T19:24:52.541+0000] {manager.py:759} INFO - Searching for files in /opt/airflow/dags
[2025-12-10T19:24:52.570+0000] {manager.py:762} INFO - There are 1 files in /opt/airflow/dags
[2025-12-10T19:25:01.065+0000] {manager.py:893} INFO - 
================================================================================
DAG File Processing Stats

File Path                                PID    Runtime      # DAGs    # Errors  Last Runtime    Last Run
---------------------------------------  -----  ---------  --------  ----------  --------------  -------------------
/opt/airflow/dags/biblioteca_pratica.py                           1           0  2.29s           2025-12-10T19:24:55
================================================================================
[2025-12-10T19:25:31.570+0000] {manager.py:893} INFO - 
================================================================================
DAG File Processing Stats

File Path                                PID    Runtime      # DAGs    # Errors  Last Runtime    Last Run
---------------------------------------  -----  ---------  --------  ----------  --------------  -------------------
/opt/airflow/dags/biblioteca_pratica.py                           1           0  1.17s           2025-12-10T19:25:26
================================================================================
[2025-12-10T19:26:01.918+0000] {manager.py:893} INFO - 
================================================================================
DAG File Processing Stats

File Path                                PID    Runtime      # DAGs    # Errors  Last Runtime    Last Run
---------------------------------------  -----  ---------  --------  ----------  --------------  -------------------
/opt/airflow/dags/biblioteca_pratica.py                           1           0  0.23s           2025-12-10T19:25:39
================================================================================
[2025-12-10T19:26:32.288+0000] {manager.py:893} INFO - 
================================================================================
DAG File Processing Stats

File Path                                PID    Runtime      # DAGs    # Errors  Last Runtime    Last Run
---------------------------------------  -----  ---------  --------  ----------  --------------  -------------------
/opt/airflow/dags/biblioteca_pratica.py                           1           0  0.31s           2025-12-10T19:26:10
================================================================================
[2025-12-10T19:27:02.593+0000] {manager.py:893} INFO - 
================================================================================
DAG File Processing Stats

File Path                                PID    Runtime      # DAGs    # Errors  Last Runtime    Last Run
---------------------------------------  -----  ---------  --------  ----------  --------------  -------------------
/opt/airflow/dags/biblioteca_pratica.py                           1           0  0.24s           2025-12-10T19:26:40
================================================================================
[2025-12-10T19:27:32.962+0000] {manager.py:893} INFO - 
================================================================================
DAG File Processing Stats

File Path                                PID    Runtime      # DAGs    # Errors  Last Runtime    Last Run
---------------------------------------  -----  ---------  --------  ----------  --------------  -------------------
/opt/airflow/dags/biblioteca_pratica.py                           1           0  0.22s           2025-12-10T19:27:10
================================================================================
[2025-12-10T19:28:03.219+0000] {manager.py:893} INFO - 
================================================================================
DAG File Processing Stats

File Path                                PID    Runtime      # DAGs    # Errors  Last Runtime    Last Run
---------------------------------------  -----  ---------  --------  ----------  --------------  -------------------
/opt/airflow/dags/biblioteca_pratica.py                           1           0  0.20s           2025-12-10T19:27:41
================================================================================
[2025-12-10T19:28:33.551+0000] {manager.py:893} INFO - 
================================================================================
DAG File Processing Stats

File Path                                PID    Runtime      # DAGs    # Errors  Last Runtime    Last Run
---------------------------------------  -----  ---------  --------  ----------  --------------  -------------------
/opt/airflow/dags/biblioteca_pratica.py                           1           0  0.22s           2025-12-10T19:28:11
================================================================================
[2025-12-10T19:29:03.858+0000] {manager.py:893} INFO - 
================================================================================
DAG File Processing Stats

File Path                                PID    Runtime      # DAGs    # Errors  Last Runtime    Last Run
---------------------------------------  -----  ---------  --------  ----------  --------------  -------------------
/opt/airflow/dags/biblioteca_pratica.py                           1           0  0.19s           2025-12-10T19:28:41
================================================================================
[2025-12-10T19:29:34.157+0000] {manager.py:893} INFO - 
================================================================================
DAG File Processing Stats

File Path                                PID    Runtime      # DAGs    # Errors  Last Runtime    Last Run
---------------------------------------  -----  ---------  --------  ----------  --------------  -------------------
/opt/airflow/dags/biblioteca_pratica.py                           1           0  0.21s           2025-12-10T19:29:12
================================================================================
[2025-12-10T19:29:53.394+0000] {manager.py:759} INFO - Searching for files in /opt/airflow/dags
[2025-12-10T19:29:53.401+0000] {manager.py:762} INFO - There are 1 files in /opt/airflow/dags
[2025-12-10T19:30:04.475+0000] {manager.py:893} INFO - 
================================================================================
DAG File Processing Stats

File Path                                PID    Runtime      # DAGs    # Errors  Last Runtime    Last Run
---------------------------------------  -----  ---------  --------  ----------  --------------  -------------------
/opt/airflow/dags/biblioteca_pratica.py                           1           0  0.21s           2025-12-10T19:29:42
================================================================================
[2025-12-10T19:30:34.707+0000] {manager.py:893} INFO - 
================================================================================
DAG File Processing Stats

File Path                                PID    Runtime      # DAGs    # Errors  Last Runtime    Last Run
---------------------------------------  -----  ---------  --------  ----------  --------------  -------------------
/opt/airflow/dags/biblioteca_pratica.py                           1           0  0.15s           2025-12-10T19:30:12
================================================================================
[2025-12-10T19:31:04.904+0000] {manager.py:893} INFO - 
================================================================================
DAG File Processing Stats

File Path                                PID    Runtime      # DAGs    # Errors  Last Runtime    Last Run
---------------------------------------  -----  ---------  --------  ----------  --------------  -------------------
/opt/airflow/dags/biblioteca_pratica.py                           1           0  0.16s           2025-12-10T19:30:42
================================================================================
[2025-12-10T19:31:35.173+0000] {manager.py:893} INFO - 
================================================================================
DAG File Processing Stats

File Path                                PID    Runtime      # DAGs    # Errors  Last Runtime    Last Run
---------------------------------------  -----  ---------  --------  ----------  --------------  -------------------
/opt/airflow/dags/biblioteca_pratica.py                           1           0  0.16s           2025-12-10T19:31:13
================================================================================
[2025-12-10T19:32:05.334+0000] {manager.py:893} INFO - 
================================================================================
DAG File Processing Stats

File Path                                PID    Runtime      # DAGs    # Errors  Last Runtime    Last Run
---------------------------------------  -----  ---------  --------  ----------  --------------  -------------------
/opt/airflow/dags/biblioteca_pratica.py                           1           0  0.13s           2025-12-10T19:31:43
================================================================================
[2025-12-10T19:32:35.587+0000] {manager.py:893} INFO - 
================================================================================
DAG File Processing Stats

File Path                                PID    Runtime      # DAGs    # Errors  Last Runtime    Last Run
---------------------------------------  -----  ---------  --------  ----------  --------------  -------------------
/opt/airflow/dags/biblioteca_pratica.py                           1           0  0.12s           2025-12-10T19:32:13
================================================================================
[2025-12-10T19:33:05.751+0000] {manager.py:893} INFO - 
================================================================================
DAG File Processing Stats

File Path                                PID    Runtime      # DAGs    # Errors  Last Runtime    Last Run
---------------------------------------  -----  ---------  --------  ----------  --------------  -------------------
/opt/airflow/dags/biblioteca_pratica.py                           1           0  0.15s           2025-12-10T19:32:43
================================================================================
[2025-12-10T19:33:36.018+0000] {manager.py:893} INFO - 
================================================================================
DAG File Processing Stats

File Path                                PID    Runtime      # DAGs    # Errors  Last Runtime    Last Run
---------------------------------------  -----  ---------  --------  ----------  --------------  -------------------
/opt/airflow/dags/biblioteca_pratica.py                           1           0  0.19s           2025-12-10T19:33:13
================================================================================
[2025-12-10T19:34:06.234+0000] {manager.py:893} INFO - 
================================================================================
DAG File Processing Stats

File Path                                PID    Runtime      # DAGs    # Errors  Last Runtime    Last Run
---------------------------------------  -----  ---------  --------  ----------  --------------  -------------------
/opt/airflow/dags/biblioteca_pratica.py                           1           0  0.13s           2025-12-10T19:33:44
================================================================================
[2025-12-10T19:34:36.423+0000] {manager.py:893} INFO - 
================================================================================
DAG File Processing Stats

File Path                                PID    Runtime      # DAGs    # Errors  Last Runtime    Last Run
---------------------------------------  -----  ---------  --------  ----------  --------------  -------------------
/opt/airflow/dags/biblioteca_pratica.py                           1           0  0.13s           2025-12-10T19:34:14
================================================================================
[2025-12-10T19:34:53.578+0000] {manager.py:759} INFO - Searching for files in /opt/airflow/dags
[2025-12-10T19:34:53.584+0000] {manager.py:762} INFO - There are 1 files in /opt/airflow/dags
[2025-12-10T19:35:06.658+0000] {manager.py:893} INFO - 
================================================================================
DAG File Processing Stats

File Path                                PID    Runtime      # DAGs    # Errors  Last Runtime    Last Run
---------------------------------------  -----  ---------  --------  ----------  --------------  -------------------
/opt/airflow/dags/biblioteca_pratica.py                           1           0  0.19s           2025-12-10T19:34:44
================================================================================
[2025-12-10T19:35:36.902+0000] {manager.py:893} INFO - 
================================================================================
DAG File Processing Stats

File Path                                PID    Runtime      # DAGs    # Errors  Last Runtime    Last Run
---------------------------------------  -----  ---------  --------  ----------  --------------  -------------------
/opt/airflow/dags/biblioteca_pratica.py                           1           0  0.13s           2025-12-10T19:35:09
================================================================================
[2025-12-10T19:36:07.068+0000] {manager.py:893} INFO - 
================================================================================
DAG File Processing Stats

File Path                                PID    Runtime      # DAGs    # Errors  Last Runtime    Last Run
---------------------------------------  -----  ---------  --------  ----------  --------------  -------------------
/opt/airflow/dags/biblioteca_pratica.py                           1           0  0.14s           2025-12-10T19:35:40
================================================================================
[2025-12-10T19:36:37.342+0000] {manager.py:893} INFO - 
================================================================================
DAG File Processing Stats

File Path                                PID    Runtime      # DAGs    # Errors  Last Runtime    Last Run
---------------------------------------  -----  ---------  --------  ----------  --------------  -------------------
/opt/airflow/dags/biblioteca_pratica.py                           1           0  0.17s           2025-12-10T19:36:10
================================================================================
[2025-12-10T19:37:07.516+0000] {manager.py:893} INFO - 
================================================================================
DAG File Processing Stats

File Path                                PID    Runtime      # DAGs    # Errors  Last Runtime    Last Run
---------------------------------------  -----  ---------  --------  ----------  --------------  -------------------
/opt/airflow/dags/biblioteca_pratica.py                           1           0  0.18s           2025-12-10T19:36:40
================================================================================
[2025-12-10T19:37:37.813+0000] {manager.py:893} INFO - 
================================================================================
DAG File Processing Stats

File Path                                PID    Runtime      # DAGs    # Errors  Last Runtime    Last Run
---------------------------------------  -----  ---------  --------  ----------  --------------  -------------------
/opt/airflow/dags/biblioteca_pratica.py                           1           0  0.17s           2025-12-10T19:37:10
================================================================================
[2025-12-10T19:38:08.119+0000] {manager.py:893} INFO - 
================================================================================
DAG File Processing Stats

File Path                                PID    Runtime      # DAGs    # Errors  Last Runtime    Last Run
---------------------------------------  -----  ---------  --------  ----------  --------------  -------------------
/opt/airflow/dags/biblioteca_pratica.py                           1           0  0.13s           2025-12-10T19:37:41
================================================================================
[2025-12-10T19:38:38.383+0000] {manager.py:893} INFO - 
================================================================================
DAG File Processing Stats

File Path                                PID    Runtime      # DAGs    # Errors  Last Runtime    Last Run
---------------------------------------  -----  ---------  --------  ----------  --------------  -------------------
/opt/airflow/dags/biblioteca_pratica.py                           1           0  0.13s           2025-12-10T19:38:11
================================================================================
[2025-12-10T19:39:08.548+0000] {manager.py:893} INFO - 
================================================================================
DAG File Processing Stats

File Path                                PID    Runtime      # DAGs    # Errors  Last Runtime    Last Run
---------------------------------------  -----  ---------  --------  ----------  --------------  -------------------
/opt/airflow/dags/biblioteca_pratica.py                           1           0  0.13s           2025-12-10T19:38:41
================================================================================
[2025-12-10T19:39:38.808+0000] {manager.py:893} INFO - 
================================================================================
DAG File Processing Stats

File Path                                PID    Runtime      # DAGs    # Errors  Last Runtime    Last Run
---------------------------------------  -----  ---------  --------  ----------  --------------  -------------------
/opt/airflow/dags/biblioteca_pratica.py                           1           0  0.13s           2025-12-10T19:39:11
================================================================================
[2025-12-10T19:39:53.894+0000] {manager.py:759} INFO - Searching for files in /opt/airflow/dags
[2025-12-10T19:39:53.898+0000] {manager.py:762} INFO - There are 1 files in /opt/airflow/dags
[2025-12-10T19:40:08.985+0000] {manager.py:893} INFO - 
================================================================================
DAG File Processing Stats

File Path                                PID    Runtime      # DAGs    # Errors  Last Runtime    Last Run
---------------------------------------  -----  ---------  --------  ----------  --------------  -------------------
/opt/airflow/dags/biblioteca_pratica.py                           1           0  0.15s           2025-12-10T19:39:41
================================================================================
[2025-12-10T19:40:39.269+0000] {manager.py:893} INFO - 
================================================================================
DAG File Processing Stats

File Path                                PID    Runtime      # DAGs    # Errors  Last Runtime    Last Run
---------------------------------------  -----  ---------  --------  ----------  --------------  -------------------
/opt/airflow/dags/biblioteca_pratica.py                           1           0  0.14s           2025-12-10T19:40:31
================================================================================
[2025-12-10T19:40:54.346+0000] {manager.py:1145} WARNING - Skipping processing of missing file: /opt/airflow/dags/biblioteca_pratica.py
[2025-12-10T19:44:54.540+0000] {manager.py:759} INFO - Searching for files in /opt/airflow/dags
[2025-12-10T19:44:54.545+0000] {manager.py:762} INFO - There are 1 files in /opt/airflow/dags
[2025-12-10T19:45:10.664+0000] {manager.py:893} INFO - 
================================================================================
DAG File Processing Stats

File Path                                        PID    Runtime      # DAGs    # Errors  Last Runtime    Last Run
-----------------------------------------------  -----  ---------  --------  ----------  --------------  -------------------
/opt/airflow/dags/sistena_biblioteca_pratica.py                           1           0  0.45s           2025-12-10T19:44:55
================================================================================
[2025-12-10T19:45:41.289+0000] {manager.py:893} INFO - 
================================================================================
DAG File Processing Stats

File Path                                        PID    Runtime      # DAGs    # Errors  Last Runtime    Last Run
-----------------------------------------------  -----  ---------  --------  ----------  --------------  -------------------
/opt/airflow/dags/sistena_biblioteca_pratica.py                           1           0  0.19s           2025-12-10T19:45:25
================================================================================
